<?xml version="1.0" encoding="UTF-8"?>
<testng-results skipped="0" failed="0" ignored="0" total="1" passed="1">
  <reporter-output>
  </reporter-output>
  <suite name="Suite" duration-ms="16877" started-at="2021-04-09T14:50:10Z" finished-at="2021-04-09T14:50:27Z">
    <groups>
    </groups>
    <test name="Test" duration-ms="16877" started-at="2021-04-09T14:50:10Z" finished-at="2021-04-09T14:50:27Z">
      <class name="org.demoProject.com.TC01">
        <test-method status="PASS" signature="openBrowser()[pri:0, instance:org.demoProject.com.TC01@530612ba]" name="openBrowser" is-config="true" duration-ms="7008" started-at="2021-04-09T14:50:10Z" finished-at="2021-04-09T14:50:17Z">
          <reporter-output>
          </reporter-output>
        </test-method> <!-- openBrowser -->
        <test-method status="PASS" signature="testCase01()[pri:0, instance:org.demoProject.com.TC01@530612ba]" name="testCase01" duration-ms="8968" started-at="2021-04-09T14:50:17Z" finished-at="2021-04-09T14:50:26Z">
          <reporter-output>
          </reporter-output>
        </test-method> <!-- testCase01 -->
        <test-method status="PASS" signature="quitBrowser()[pri:0, instance:org.demoProject.com.TC01@530612ba]" name="quitBrowser" is-config="true" duration-ms="872" started-at="2021-04-09T14:50:26Z" finished-at="2021-04-09T14:50:27Z">
          <reporter-output>
          </reporter-output>
        </test-method> <!-- quitBrowser -->
      </class> <!-- org.demoProject.com.TC01 -->
    </test> <!-- Test -->
  </suite> <!-- Suite -->
</testng-results>
